build/app/outputs/mapping/release/seeds.txt
com.example.testtting.MainActivity
com.example.testtting.MainActivity: MainActivity()
...
androidx.window.layout.WindowInfoTracker$Companion: void reset()
androidx.core.view.WindowInsetsCompat$BuilderImpl: void setMandatorySystemGestureInsets(androidx.core.graphics.Insets)
androidx.window.embedding.SplitPlaceholderRule: SplitPlaceholderRule(java.util.Set,android.content.Intent,int,int,float,int,int,kotlin.jvm.internal.DefaultConstructorMarker)
androidx.vectordrawable.graphics.drawable.VectorDrawableCompat$VPath: void setPathData(androidx.core.graphics.PathParser$PathDataNode[])
com.google.android.gms.internal.auth.zzho: com.google.android.gms.internal.auth.zzho[] values()
com.google.android.gms.auth.api.signin.RevocationBoundService: RevocationBoundService()
androidx.window.embedding.SplitRuleParser: android.content.ComponentName buildClassName(java.lang.String,java.lang.CharSequence)
androidx.core.view.WindowInsetsCompat$Impl: androidx.core.graphics.Insets getTappableElementInsets()
androidx.core.view.ViewCompat$Api16Impl: int getWindowSystemUiVisibility(android.view.View)
androidx.window.layout.WindowMetricsCalculatorCompat: WindowMetricsCalculatorCompat()
androidx.window.layout.ActivityCompatHelperApi30: android.graphics.Rect currentWindowBounds(android.app.Activity)
androidx.cardview.widget.CardView: int getContentPaddingBottom()
com.facebook.internal.SmartLoginOption: com.facebook.internal.SmartLoginOption valueOf(java.lang.String)
androidx.appcompat.widget.Toolbar: void setNavigationIcon(int)
io.flutter.plugin.editing.ImeSyncDeferringInsetsCallback: boolean access$202(io.flutter.plugin.editing.ImeSyncDeferringInsetsCallback,boolean)
androidx.window.embedding.SplitRuleParser: SplitRuleParser()
androidx.window.layout.DisplayCompatHelperApi28: int safeInsetTop(android.view.DisplayCutout)
kotlin.coroutines.jvm.internal.BaseContinuationImpl: kotlin.coroutines.Continuation create(kotlin.coroutines.Continuation)
androidx.vectordrawable.graphics.drawable.VectorDrawableCompat$VPathRenderer: int getRootAlpha()
androidx.window.layout.DisplayCompatHelperApi28: int safeInsetBottom(android.view.DisplayCutout)
androidx.window.layout.SidecarCompat$TranslatingCallback: void onWindowLayoutChanged(android.os.IBinder,androidx.window.sidecar.SidecarWindowLayoutInfo)
kotlin.jvm.internal.CallableReference$NoReceiver: java.lang.Object readResolve()
androidx.core.view.WindowInsetsCompat$BuilderImpl30: WindowInsetsCompat$BuilderImpl30(androidx.core.view.WindowInsetsCompat)
androidx.core.widget.TextViewCompat$Api17Impl: int getLayoutDirection(android.view.View)
com.google.android.gms.internal.auth.zzdu: zzdu()
androidx.appcompat.widget.AppCompatImageView: android.content.res.ColorStateList getSupportBackgroundTintList()
androidx.fragment.app.Fragment: Fragment()
kotlin.internal.PlatformImplementations: PlatformImplementations()
io.flutter.embedding.android.FlutterView$ZeroSides: io.flutter.embedding.android.FlutterView$ZeroSides valueOf(java.lang.String)
com.google.crypto.tink.proto.AesEaxKey: AesEaxKey()
io.flutter.embedding.android.FlutterView: android.view.accessibility.AccessibilityNodeProvider getAccessibilityNodeProvider()
androidx.appcompat.widget.LinearLayoutCompat: int getShowDividers()
io.flutter.view.AccessibilityViewEmbedder: android.view.View platformViewOfNode(int)
androidx.appcompat.widget.ActionBarContextView: void setContentHeight(int)
androidx.core.widget.TextViewCompat$Api23Impl: android.graphics.PorterDuff$Mode getCompoundDrawableTintMode(android.widget.TextView)
androidx.core.view.ViewCompat$Api21Impl: android.content.res.ColorStateList getBackgroundTintList(android.view.View)
com.google.android.gms.internal.auth.zzhn: com.google.android.gms.internal.auth.zzhn[] values()
androidx.core.view.ViewCompat$Api17Impl: int getPaddingEnd(android.view.View)
androidx.appcompat.widget.AppCompatTextView: android.view.textclassifier.TextClassifier getTextClassifier()
androidx.core.view.MenuItemCompat$Api26Impl: android.view.MenuItem setContentDescription(android.view.MenuItem,java.lang.CharSequence)