build/app/outputs/mapping/release/mapping.txt
# compiler: R8
# compiler_version: 3.3.70
# min_api: 26
# common_typos_disable
# {"id":"com.android.tools.r8.mapping","version":"2.0"}
# pg_map_id: 6b49a36
# pg_map_hash: SHA-256 6b49a3687ddb57b3afe51081353bcc330f1777369473623629b347637e2eba5b
...
com.google.crypto.tink.mac.AesCmacProtoSerialization$$ExternalSyntheticLambda1 -> z2.e:
# {"id":"sourceFile","fileName":"R8$$SyntheticClass"}
# {"id":"com.android.tools.r8.synthesized"}
    void com.google.crypto.tink.mac.AesCmacProtoSerialization$$InternalSyntheticLambda$2$f9d80cb4e5ac5f94b29dcb5f9adc41fb81e2129fd4484b2e9c4f9a800331ded9$1.<init>() -> <init>
      # {"id":"com.android.tools.r8.synthesized"}
com.google.crypto.tink.mac.AesCmacProtoSerialization$$ExternalSyntheticLambda2 -> z2.f:
# {"id":"sourceFile","fileName":"R8$$SyntheticClass"}
# {"id":"com.android.tools.r8.synthesized"}
    void com.google.crypto.tink.mac.AesCmacProtoSerialization$$InternalSyntheticLambda$2$f9d80cb4e5ac5f94b29dcb5f9adc41fb81e2129fd4484b2e9c4f9a800331ded9$2.<init>() -> <init>
      # {"id":"com.android.tools.r8.synthesized"}
com.google.crypto.tink.mac.AesCmacProtoSerialization$$ExternalSyntheticLambda3 -> z2.g:
# {"id":"sourceFile","fileName":"R8$$SyntheticClass"}
# {"id":"com.android.tools.r8.synthesized"}
    void com.google.crypto.tink.mac.AesCmacProtoSerialization$$InternalSyntheticLambda$2$f9d80cb4e5ac5f94b29dcb5f9adc41fb81e2129fd4484b2e9c4f9a800331ded9$3.<init>() -> <init>
      # {"id":"com.android.tools.r8.synthesized"}
    com.google.crypto.tink.Key com.google.crypto.tink.mac.AesCmacProtoSerialization$$InternalSyntheticLambda$2$f9d80cb4e5ac5f94b29dcb5f9adc41fb81e2129fd4484b2e9c4f9a800331ded9$3.parseKey(com.google.crypto.tink.internal.Serialization,com.google.crypto.tink.SecretKeyAccess) -> a
      # {"id":"com.android.tools.r8.synthesized"}
com.google.crypto.tink.mac.AesCmacProtoSerialization$1 -> z2.h$a:
    int[] $SwitchMap$com$google$crypto$tink$proto$OutputPrefixType -> a
com.google.crypto.tink.mac.HmacKeyManager -> z2.i:
    com.google.crypto.tink.config.internal.TinkFipsUtil$AlgorithmFipsCompatibility fipsStatus() -> a
    java.lang.String getKeyType() -> d
    com.google.crypto.tink.internal.KeyTypeManager$KeyFactory keyFactory() -> f
    com.google.crypto.tink.proto.KeyData$KeyMaterialType keyMaterialType() -> g
    com.google.crypto.tink.shaded.protobuf.MessageLite parseKey(com.google.crypto.tink.shaded.protobuf.ByteString) -> h
    void validateKey(com.google.crypto.tink.shaded.protobuf.MessageLite) -> j
    void access$000(com.google.crypto.tink.proto.HmacParams) -> k
    com.google.crypto.tink.internal.KeyTypeManager$KeyFactory$KeyFormat access$100(int,int,com.google.crypto.tink.proto.HashType,com.google.crypto.tink.KeyTemplate$OutputPrefixType) -> l
    com.google.crypto.tink.internal.KeyTypeManager$KeyFactory$KeyFormat createKeyFormat(int,int,com.google.crypto.tink.proto.HashType,com.google.crypto.tink.KeyTemplate$OutputPrefixType) -> m
    int getVersion() -> n
    com.google.crypto.tink.proto.HmacKey parseKey(com.google.crypto.tink.shaded.protobuf.ByteString) -> o
    void register(boolean) -> p
    void validateKey(com.google.crypto.tink.proto.HmacKey) -> q
    void validateParams(com.google.crypto.tink.proto.HmacParams) -> r
com.google.crypto.tink.mac.HmacKeyManager$1 -> z2.i$a:
    java.lang.Object getPrimitive(com.google.crypto.tink.shaded.protobuf.MessageLite) -> a
    com.google.crypto.tink.Mac getPrimitive(com.google.crypto.tink.proto.HmacKey) -> c
com.google.crypto.tink.mac.HmacKeyManager$2 -> z2.i$b:
    com.google.crypto.tink.mac.HmacKeyManager this$0 -> b
    com.google.crypto.tink.shaded.protobuf.MessageLite createKey(com.google.crypto.tink.shaded.protobuf.MessageLite) -> a
    java.util.Map keyFormats() -> c
    com.google.crypto.tink.shaded.protobuf.MessageLite parseKeyFormat(com.google.crypto.tink.shaded.protobuf.ByteString) -> d
    void validateKeyFormat(com.google.crypto.tink.shaded.protobuf.MessageLite) -> e
    com.google.crypto.tink.proto.HmacKey createKey(com.google.crypto.tink.proto.HmacKeyFormat) -> f
    com.google.crypto.tink.proto.HmacKeyFormat parseKeyFormat(com.google.crypto.tink.shaded.protobuf.ByteString) -> g
    void validateKeyFormat(com.google.crypto.tink.proto.HmacKeyFormat) -> h