build/app/outputs/mapping/release/usage.txt
com.example.testtting.BuildConfig
com.example.testtting.R$anim
com.example.testtting.R$animator
com.example.testtting.R$attr
com.example.testtting.R$bool
com.example.testtting.R$color
com.example.testtting.R$dimen
com.example.testtting.R$drawable
com.example.testtting.R$id
com.example.testtting.R$integer
com.example.testtting.R$interpolator
com.example.testtting.R$layout
com.example.testtting.R$mipmap
com.example.testtting.R$string
com.example.testtting.R$style
com.example.testtting.R$styleable
com.example.testtting.R$xml
com.example.testtting.R
...
com.google.android.gms.internal.auth.zzbr
com.google.android.gms.internal.auth.zzbs
com.google.android.gms.internal.auth.zzbt:
    public final com.google.android.gms.common.api.PendingResult getSpatulaHeader(com.google.android.gms.common.api.GoogleApiClient)
    public final com.google.android.gms.common.api.PendingResult performProxyRequest(com.google.android.gms.common.api.GoogleApiClient,com.google.android.gms.auth.api.proxy.ProxyRequest)
com.google.android.gms.internal.auth.zzbu
com.google.android.gms.internal.auth.zzbv
com.google.android.gms.internal.auth.zzbz
com.google.android.gms.internal.auth.zzc:
    public static void zzc(android.os.Parcel,boolean)
    public static boolean zzf(android.os.Parcel)
com.google.android.gms.internal.auth.zzd:
    public final android.os.Bundle zzf(android.accounts.Account)
    public final android.os.Bundle zzg(java.lang.String)
    public final com.google.android.gms.auth.AccountChangeEventsResponse zzh(com.google.android.gms.auth.AccountChangeEventsRequest)
com.google.android.gms.internal.auth.zzdo:
    public synthetic bridge java.lang.Object clone()
    public abstract com.google.android.gms.internal.auth.zzdo zza()
com.google.android.gms.internal.auth.zzdq:
    public void add(int,java.lang.Object)
    public java.lang.Object set(int,java.lang.Object)
com.google.android.gms.internal.auth.zzds:
    void <init>()
com.google.android.gms.internal.auth.zzed:
    private void <init>()
com.google.android.gms.internal.auth.zzek:
    public static final synthetic int zzb
    void <init>()
com.google.android.gms.internal.auth.zzes:
    public final synthetic bridge com.google.android.gms.internal.auth.zzdo zza()
com.google.android.gms.internal.auth.zzf:
    public abstract android.os.Bundle zzf(android.accounts.Account)
    public abstract android.os.Bundle zzg(java.lang.String)
    public abstract com.google.android.gms.auth.AccountChangeEventsResponse zzh(com.google.android.gms.auth.AccountChangeEventsRequest)
com.google.android.gms.internal.auth.zzfb:
    public final boolean equals(java.lang.Object)
    public final int hashCode()
    public final java.lang.String toString()
com.google.android.gms.internal.auth.zzfc:
    private static final com.google.android.gms.internal.auth.zzek zza
    static void <clinit>()
    public boolean equals(java.lang.Object)
    public int hashCode()
com.google.android.gms.internal.auth.zzfg:
    private void <init>()
com.google.android.gms.internal.auth.zzfi:
    private void <init>()
com.google.android.gms.internal.auth.zzg:
    public abstract com.google.android.gms.tasks.Task zzb(com.google.android.gms.auth.AccountChangeEventsRequest)
    public abstract com.google.android.gms.tasks.Task zzd(android.accounts.Account)
    public abstract com.google.android.gms.tasks.Task zze(java.lang.String)
com.google.android.gms.internal.auth.zzgf:
    void <init>()
com.google.android.gms.internal.auth.zzhp:
    static final synthetic int[] zza
    static void <clinit>()
com.google.android.gms.internal.auth.zzhq:
    private void <init>()
com.google.android.gms.internal.auth.zzhs:
    public static boolean zzd()
com.google.android.gms.internal.auth.zzht:
    public abstract boolean zzb()
com.google.android.gms.internal.auth.zzhv:
    public final boolean zzb()
com.google.android.gms.internal.auth.zzj
com.google.android.gms.internal.auth.zzk
com.google.android.gms.internal.auth.zzl
com.google.android.gms.internal.auth.zzm
com.google.android.gms.internal.auth.zzp:
    public final void zze(com.google.android.gms.internal.auth.zzm,com.google.android.gms.auth.AccountChangeEventsRequest)
    public final void zzg(com.google.android.gms.internal.auth.zzk,android.accounts.Account)
    public final void zzh(com.google.android.gms.internal.auth.zzk,java.lang.String)
com.google.android.gms.internal.auth.zzq
com.google.android.gms.internal.auth.zzr
com.google.android.gms.internal.auth.zzu
com.google.android.gms.internal.auth.zzy
com.google.android.gms.internal.auth.zzz